<?xml version="1.0" encoding="UTF-8"?>
<!-- Generated by org.testng.reporters.JUnitReportReporter -->
<testsuite hostname="DESKTOP-UT78QQU" name="com.storednd.ForgotPassword" tests="1" failures="0" timestamp="24 Apr 2018 12:59:28 GMT" time="4.039" errors="0">
  <testcase name="f" time="4.039" classname="com.storednd.ForgotPassword"/>
</testsuite> <!-- com.storednd.ForgotPassword -->
