<?xml version="1.0" encoding="UTF-8"?>
<!-- Generated by org.testng.reporters.JUnitReportReporter -->
<testsuite hostname="DESKTOP-UT78QQU" name="com.storednd.signup" tests="1" failures="0" timestamp="24 Apr 2018 12:08:43 GMT" time="5.930" errors="0">
  <testcase name="f" time="5.930" classname="com.storednd.signup"/>
</testsuite> <!-- com.storednd.signup -->
