<?xml version="1.0" encoding="UTF-8"?>
<!-- Generated by org.testng.reporters.JUnitReportReporter -->
<testsuite hostname="DESKTOP-UT78QQU" name="com.storednd.ViewProfile" tests="1" failures="0" timestamp="24 Apr 2018 12:50:55 GMT" time="10.269" errors="0">
  <testcase name="testSigninViewprofileSND" time="10.269" classname="com.storednd.ViewProfile"/>
</testsuite> <!-- com.storednd.ViewProfile -->
