<?xml version="1.0" encoding="UTF-8"?>
<!-- Generated by org.testng.reporters.JUnitReportReporter -->
<testsuite hostname="DESKTOP-UT78QQU" name="com.storednd.signin" tests="1" failures="0" timestamp="24 Apr 2018 11:50:50 GMT" time="11.181" errors="0">
  <testcase name="f" time="11.181" classname="com.storednd.signin"/>
</testsuite> <!-- com.storednd.signin -->
