<?xml version="1.0" encoding="UTF-8"?>
<!-- Generated by org.testng.reporters.JUnitReportReporter -->
<testsuite hostname="DESKTOP-UT78QQU" name="com.storednd.MyBooking" tests="1" failures="0" timestamp="24 Apr 2018 13:45:29 GMT" time="10.021" errors="0">
  <testcase name="testMyBookingSND" time="10.021" classname="com.storednd.MyBooking"/>
</testsuite> <!-- com.storednd.MyBooking -->
